<?xml version="1.0" encoding="UTF-8"?>
<!-- Generated by org.testng.reporters.JUnitReportReporter -->
<testsuite hostname="TYUDM" failures="0" tests="1" name="org.selenide.GoogleTest" time="9.496" errors="0" timestamp="21 Jul 2020 19:17:01 GMT">
  <testcase classname="org.selenide.GoogleTest" name="userCanSearchKeywordWithGoogle" time="9.496"/>
</testsuite> <!-- org.selenide.GoogleTest -->
