<?xml version="1.0" encoding="UTF-8"?>
<!-- Generated by org.testng.reporters.JUnitReportReporter -->
<testsuite hostname="TYUDM" failures="0" tests="2" name="org.selenide.GoogleTest" time="11.341" errors="0" timestamp="5 Aug 2020 20:59:49 GMT">
  <testcase classname="org.selenide.GoogleTest" name="userCanSearchKeywordWithDemoGuru99" time="3.772"/>
  <testcase classname="org.selenide.GoogleTest" name="CreateNewCustomer" time="7.569"/>
</testsuite> <!-- org.selenide.GoogleTest -->
