<?xml version="1.0" encoding="UTF-8"?>
<!-- Generated by org.testng.reporters.JUnitReportReporter -->
<testsuite hostname="TYUDM" failures="0" tests="1" name="org.selenide.CookieLogIn" time="8.919" errors="0" timestamp="21 Jul 2020 19:10:41 GMT">
  <testcase classname="org.selenide.CookieLogIn" name="LogInByCookie" time="8.919"/>
</testsuite> <!-- org.selenide.CookieLogIn -->
